Useless nonterminals

   pag
   cabecalho
   informacao
   conteudo
   pagitens


Terminals which are not used

   NOME
   TEMPO
   IMAGEM
   VIDEO
   TITULO
   AUDIO
   ITENS
   PAGINICIAL
   PAGCREDITOS
   CHA
   BAR
   '/'
   '{'
   '}'


Useless rules

    2 start: pag start

    3 pag: cabecalho informacao

    4 cabecalho: NOME '/' TEMPO

    5 informacao: '{' conteudo '}'

    6 conteudo: IMAGEM conteudo
    7         | VIDEO conteudo
    8         | TITULO conteudo
    9         | AUDIO conteudo
   10         | pagitens conteudo
   11         | PAGINICIAL conteudo
   12         | PAGCREDITOS conteudo

   13 pagitens: ITENS


Grammar

    0 $accept: start $end

    1 start: /* empty */


Terminals, with rules where they appear

$end (0) 0
'/' (47)
'{' (123)
'}' (125)
error (256)
NOME (258)
TEMPO (259)
IMAGEM (260)
VIDEO (261)
TITULO (262)
AUDIO (263)
ITENS (264)
PAGINICIAL (265)
PAGCREDITOS (266)
CHA (267)
BAR (268)


Nonterminals, with rules where they appear

$accept (17)
    on left: 0
start (18)
    on left: 1, on right: 0


state 0

    0 $accept: . start $end

    $default  reduce using rule 1 (start)

    start  go to state 1


state 1

    0 $accept: start . $end

    $end  shift, and go to state 2


state 2

    0 $accept: start $end .

    $default  accept
