Grammar

    0 $accept: pags $end

    1 pags: pags pag
    2     | pag

    3 pag: cabecalho '{' conteudo '}'

    4 cabecalho: NOME '/' TEMPO

    5 conteudo: conteudo IMAGEM
    6         | conteudo VIDEO
    7         | conteudo TITULO
    8         | conteudo AUDIO
    9         | conteudo PAGINICIAL
   10         | conteudo PAGCREDITOS
   11         | /* empty */


Terminals, with rules where they appear

$end (0) 0
'/' (47) 4
'{' (123) 3
'}' (125) 3
error (256)
NOME (258) 4
TEMPO (259) 4
IMAGEM (260) 5
VIDEO (261) 6
TITULO (262) 7
AUDIO (263) 8
PAGINICIAL (264) 9
PAGCREDITOS (265) 10


Nonterminals, with rules where they appear

$accept (14)
    on left: 0
pags (15)
    on left: 1 2, on right: 0 1
pag (16)
    on left: 3, on right: 1 2
cabecalho (17)
    on left: 4, on right: 3
conteudo (18)
    on left: 5 6 7 8 9 10 11, on right: 3 5 6 7 8 9 10


state 0

    0 $accept: . pags $end

    NOME  shift, and go to state 1

    pags       go to state 2
    pag        go to state 3
    cabecalho  go to state 4


state 1

    4 cabecalho: NOME . '/' TEMPO

    '/'  shift, and go to state 5


state 2

    0 $accept: pags . $end
    1 pags: pags . pag

    $end  shift, and go to state 6
    NOME  shift, and go to state 1

    pag        go to state 7
    cabecalho  go to state 4


state 3

    2 pags: pag .

    $default  reduce using rule 2 (pags)


state 4

    3 pag: cabecalho . '{' conteudo '}'

    '{'  shift, and go to state 8


state 5

    4 cabecalho: NOME '/' . TEMPO

    TEMPO  shift, and go to state 9


state 6

    0 $accept: pags $end .

    $default  accept


state 7

    1 pags: pags pag .

    $default  reduce using rule 1 (pags)


state 8

    3 pag: cabecalho '{' . conteudo '}'

    $default  reduce using rule 11 (conteudo)

    conteudo  go to state 10


state 9

    4 cabecalho: NOME '/' TEMPO .

    $default  reduce using rule 4 (cabecalho)


state 10

    3 pag: cabecalho '{' conteudo . '}'
    5 conteudo: conteudo . IMAGEM
    6         | conteudo . VIDEO
    7         | conteudo . TITULO
    8         | conteudo . AUDIO
    9         | conteudo . PAGINICIAL
   10         | conteudo . PAGCREDITOS

    IMAGEM       shift, and go to state 11
    VIDEO        shift, and go to state 12
    TITULO       shift, and go to state 13
    AUDIO        shift, and go to state 14
    PAGINICIAL   shift, and go to state 15
    PAGCREDITOS  shift, and go to state 16
    '}'          shift, and go to state 17


state 11

    5 conteudo: conteudo IMAGEM .

    $default  reduce using rule 5 (conteudo)


state 12

    6 conteudo: conteudo VIDEO .

    $default  reduce using rule 6 (conteudo)


state 13

    7 conteudo: conteudo TITULO .

    $default  reduce using rule 7 (conteudo)


state 14

    8 conteudo: conteudo AUDIO .

    $default  reduce using rule 8 (conteudo)


state 15

    9 conteudo: conteudo PAGINICIAL .

    $default  reduce using rule 9 (conteudo)


state 16

   10 conteudo: conteudo PAGCREDITOS .

    $default  reduce using rule 10 (conteudo)


state 17

    3 pag: cabecalho '{' conteudo '}' .

    $default  reduce using rule 3 (pag)
